<?xml version="1.0" encoding="UTF-8"?>
<?totaltestVersion 19.5.3.v20190903-0421_179?>
<!--Topaz for Total Test 19.5.3.v20190903-0421_179 20.09.2019 08:45:40-->
<testsuites>
  <testsuite errors="0" failures="0" name="CWXTDATE_Unit_Tests_TS.CWXTDATE_Scenario.00001: CWXTDATECase1" tests="8">
    <testcase classname="CWXTDATE_Unit_Tests_TS.CWXTDATE_Scenario.00001: CWXTDATECase1" name="00001: Check for EOM_SW"/>
    <testcase classname="CWXTDATE_Unit_Tests_TS.CWXTDATE_Scenario.00001: CWXTDATECase1" name="00002: Check for YRS_OF_SERVICE"/>
    <testcase classname="CWXTDATE_Unit_Tests_TS.CWXTDATE_Scenario.00001: CWXTDATECase1" name="00003: Check for RUN_YY"/>
    <testcase classname="CWXTDATE_Unit_Tests_TS.CWXTDATE_Scenario.00001: CWXTDATECase1" name="00004: Check for RUN_MM"/>
    <testcase classname="CWXTDATE_Unit_Tests_TS.CWXTDATE_Scenario.00001: CWXTDATECase1" name="00005: Check for RUN_DD"/>
    <testcase classname="CWXTDATE_Unit_Tests_TS.CWXTDATE_Scenario.00001: CWXTDATECase1" name="00006: Check for HIRE_YY"/>
    <testcase classname="CWXTDATE_Unit_Tests_TS.CWXTDATE_Scenario.00001: CWXTDATECase1" name="00007: Check for HIRE_MM"/>
    <testcase classname="CWXTDATE_Unit_Tests_TS.CWXTDATE_Scenario.00001: CWXTDATECase1" name="00008: Check for HIRE_DD"/>
  </testsuite>
  <testsuite errors="0" failures="0" name="CWXTDATE_Unit_Tests_TS.CWXTDATE_Scenario.00002: CWXTDATECase2" tests="8">
    <testcase classname="CWXTDATE_Unit_Tests_TS.CWXTDATE_Scenario.00002: CWXTDATECase2" name="00001: Check for EOM_SW"/>
    <testcase classname="CWXTDATE_Unit_Tests_TS.CWXTDATE_Scenario.00002: CWXTDATECase2" name="00002: Check for YRS_OF_SERVICE"/>
    <testcase classname="CWXTDATE_Unit_Tests_TS.CWXTDATE_Scenario.00002: CWXTDATECase2" name="00003: Check for RUN_YY"/>
    <testcase classname="CWXTDATE_Unit_Tests_TS.CWXTDATE_Scenario.00002: CWXTDATECase2" name="00004: Check for RUN_MM"/>
    <testcase classname="CWXTDATE_Unit_Tests_TS.CWXTDATE_Scenario.00002: CWXTDATECase2" name="00005: Check for RUN_DD"/>
    <testcase classname="CWXTDATE_Unit_Tests_TS.CWXTDATE_Scenario.00002: CWXTDATECase2" name="00006: Check for HIRE_YY"/>
    <testcase classname="CWXTDATE_Unit_Tests_TS.CWXTDATE_Scenario.00002: CWXTDATECase2" name="00007: Check for HIRE_MM"/>
    <testcase classname="CWXTDATE_Unit_Tests_TS.CWXTDATE_Scenario.00002: CWXTDATECase2" name="00008: Check for HIRE_DD"/>
  </testsuite>
  <testsuite errors="0" failures="0" name="CWXTDATE_Unit_Tests_TS.CWXTDATE_Scenario.00003: CWXTDATECase3" tests="8">
    <testcase classname="CWXTDATE_Unit_Tests_TS.CWXTDATE_Scenario.00003: CWXTDATECase3" name="00001: Check for EOM_SW"/>
    <testcase classname="CWXTDATE_Unit_Tests_TS.CWXTDATE_Scenario.00003: CWXTDATECase3" name="00002: Check for YRS_OF_SERVICE"/>
    <testcase classname="CWXTDATE_Unit_Tests_TS.CWXTDATE_Scenario.00003: CWXTDATECase3" name="00003: Check for RUN_YY"/>
    <testcase classname="CWXTDATE_Unit_Tests_TS.CWXTDATE_Scenario.00003: CWXTDATECase3" name="00004: Check for RUN_MM"/>
    <testcase classname="CWXTDATE_Unit_Tests_TS.CWXTDATE_Scenario.00003: CWXTDATECase3" name="00005: Check for RUN_DD"/>
    <testcase classname="CWXTDATE_Unit_Tests_TS.CWXTDATE_Scenario.00003: CWXTDATECase3" name="00006: Check for HIRE_YY"/>
    <testcase classname="CWXTDATE_Unit_Tests_TS.CWXTDATE_Scenario.00003: CWXTDATECase3" name="00007: Check for HIRE_MM"/>
    <testcase classname="CWXTDATE_Unit_Tests_TS.CWXTDATE_Scenario.00003: CWXTDATECase3" name="00008: Check for HIRE_DD"/>
  </testsuite>
  <testsuite errors="0" failures="0" name="CWXTDATE_Unit_Tests_TS.CWXTDATE_Scenario.00004: CWXTDATECase4" tests="8">
    <testcase classname="CWXTDATE_Unit_Tests_TS.CWXTDATE_Scenario.00004: CWXTDATECase4" name="00001: Check for EOM_SW"/>
    <testcase classname="CWXTDATE_Unit_Tests_TS.CWXTDATE_Scenario.00004: CWXTDATECase4" name="00002: Check for YRS_OF_SERVICE"/>
    <testcase classname="CWXTDATE_Unit_Tests_TS.CWXTDATE_Scenario.00004: CWXTDATECase4" name="00003: Check for RUN_YY"/>
    <testcase classname="CWXTDATE_Unit_Tests_TS.CWXTDATE_Scenario.00004: CWXTDATECase4" name="00004: Check for RUN_MM"/>
    <testcase classname="CWXTDATE_Unit_Tests_TS.CWXTDATE_Scenario.00004: CWXTDATECase4" name="00005: Check for RUN_DD"/>
    <testcase classname="CWXTDATE_Unit_Tests_TS.CWXTDATE_Scenario.00004: CWXTDATECase4" name="00006: Check for HIRE_YY"/>
    <testcase classname="CWXTDATE_Unit_Tests_TS.CWXTDATE_Scenario.00004: CWXTDATECase4" name="00007: Check for HIRE_MM"/>
    <testcase classname="CWXTDATE_Unit_Tests_TS.CWXTDATE_Scenario.00004: CWXTDATECase4" name="00008: Check for HIRE_DD"/>
  </testsuite>
  <testsuite errors="0" failures="0" name="CWXTDATE_Unit_Tests_TS.CWXTDATE_Scenario.00005: CWXTDATECase5" tests="8">
    <testcase classname="CWXTDATE_Unit_Tests_TS.CWXTDATE_Scenario.00005: CWXTDATECase5" name="00001: Check for EOM_SW"/>
    <testcase classname="CWXTDATE_Unit_Tests_TS.CWXTDATE_Scenario.00005: CWXTDATECase5" name="00002: Check for YRS_OF_SERVICE"/>
    <testcase classname="CWXTDATE_Unit_Tests_TS.CWXTDATE_Scenario.00005: CWXTDATECase5" name="00003: Check for RUN_YY"/>
    <testcase classname="CWXTDATE_Unit_Tests_TS.CWXTDATE_Scenario.00005: CWXTDATECase5" name="00004: Check for RUN_MM"/>
    <testcase classname="CWXTDATE_Unit_Tests_TS.CWXTDATE_Scenario.00005: CWXTDATECase5" name="00005: Check for RUN_DD"/>
    <testcase classname="CWXTDATE_Unit_Tests_TS.CWXTDATE_Scenario.00005: CWXTDATECase5" name="00006: Check for HIRE_YY"/>
    <testcase classname="CWXTDATE_Unit_Tests_TS.CWXTDATE_Scenario.00005: CWXTDATECase5" name="00007: Check for HIRE_MM"/>
    <testcase classname="CWXTDATE_Unit_Tests_TS.CWXTDATE_Scenario.00005: CWXTDATECase5" name="00008: Check for HIRE_DD"/>
  </testsuite>
  <testsuite errors="0" failures="0" name="CWXTDATE_Unit_Tests_TS.CWXTDATE_Scenario.00006: CWXTDATECase6" tests="8">
    <testcase classname="CWXTDATE_Unit_Tests_TS.CWXTDATE_Scenario.00006: CWXTDATECase6" name="00001: Check for EOM_SW"/>
    <testcase classname="CWXTDATE_Unit_Tests_TS.CWXTDATE_Scenario.00006: CWXTDATECase6" name="00002: Check for YRS_OF_SERVICE"/>
    <testcase classname="CWXTDATE_Unit_Tests_TS.CWXTDATE_Scenario.00006: CWXTDATECase6" name="00003: Check for RUN_YY"/>
    <testcase classname="CWXTDATE_Unit_Tests_TS.CWXTDATE_Scenario.00006: CWXTDATECase6" name="00004: Check for RUN_MM"/>
    <testcase classname="CWXTDATE_Unit_Tests_TS.CWXTDATE_Scenario.00006: CWXTDATECase6" name="00005: Check for RUN_DD"/>
    <testcase classname="CWXTDATE_Unit_Tests_TS.CWXTDATE_Scenario.00006: CWXTDATECase6" name="00006: Check for HIRE_YY"/>
    <testcase classname="CWXTDATE_Unit_Tests_TS.CWXTDATE_Scenario.00006: CWXTDATECase6" name="00007: Check for HIRE_MM"/>
    <testcase classname="CWXTDATE_Unit_Tests_TS.CWXTDATE_Scenario.00006: CWXTDATECase6" name="00008: Check for HIRE_DD"/>
  </testsuite>
  <testsuite errors="0" failures="0" name="CWXTDATE_Unit_Tests_TS.CWXTDATE_Scenario.00007: CWXTDATECase7" tests="8">
    <testcase classname="CWXTDATE_Unit_Tests_TS.CWXTDATE_Scenario.00007: CWXTDATECase7" name="00001: Check for EOM_SW"/>
    <testcase classname="CWXTDATE_Unit_Tests_TS.CWXTDATE_Scenario.00007: CWXTDATECase7" name="00002: Check for YRS_OF_SERVICE"/>
    <testcase classname="CWXTDATE_Unit_Tests_TS.CWXTDATE_Scenario.00007: CWXTDATECase7" name="00003: Check for RUN_YY"/>
    <testcase classname="CWXTDATE_Unit_Tests_TS.CWXTDATE_Scenario.00007: CWXTDATECase7" name="00004: Check for RUN_MM"/>
    <testcase classname="CWXTDATE_Unit_Tests_TS.CWXTDATE_Scenario.00007: CWXTDATECase7" name="00005: Check for RUN_DD"/>
    <testcase classname="CWXTDATE_Unit_Tests_TS.CWXTDATE_Scenario.00007: CWXTDATECase7" name="00006: Check for HIRE_YY"/>
    <testcase classname="CWXTDATE_Unit_Tests_TS.CWXTDATE_Scenario.00007: CWXTDATECase7" name="00007: Check for HIRE_MM"/>
    <testcase classname="CWXTDATE_Unit_Tests_TS.CWXTDATE_Scenario.00007: CWXTDATECase7" name="00008: Check for HIRE_DD"/>
  </testsuite>
  <testsuite errors="0" failures="0" name="CWXTDATE_Unit_Tests_TS.CWXTDATE_Scenario.00008: CWXTDATECase8" tests="8">
    <testcase classname="CWXTDATE_Unit_Tests_TS.CWXTDATE_Scenario.00008: CWXTDATECase8" name="00001: Check for EOM_SW"/>
    <testcase classname="CWXTDATE_Unit_Tests_TS.CWXTDATE_Scenario.00008: CWXTDATECase8" name="00002: Check for YRS_OF_SERVICE"/>
    <testcase classname="CWXTDATE_Unit_Tests_TS.CWXTDATE_Scenario.00008: CWXTDATECase8" name="00003: Check for RUN_YY"/>
    <testcase classname="CWXTDATE_Unit_Tests_TS.CWXTDATE_Scenario.00008: CWXTDATECase8" name="00004: Check for RUN_MM"/>
    <testcase classname="CWXTDATE_Unit_Tests_TS.CWXTDATE_Scenario.00008: CWXTDATECase8" name="00005: Check for RUN_DD"/>
    <testcase classname="CWXTDATE_Unit_Tests_TS.CWXTDATE_Scenario.00008: CWXTDATECase8" name="00006: Check for HIRE_YY"/>
    <testcase classname="CWXTDATE_Unit_Tests_TS.CWXTDATE_Scenario.00008: CWXTDATECase8" name="00007: Check for HIRE_MM"/>
    <testcase classname="CWXTDATE_Unit_Tests_TS.CWXTDATE_Scenario.00008: CWXTDATECase8" name="00008: Check for HIRE_DD"/>
  </testsuite>
  <testsuite errors="0" failures="0" name="CWXTDATE_Unit_Tests_TS.CWXTDATE_Scenario.00009: CWXTDATECase9" tests="8">
    <testcase classname="CWXTDATE_Unit_Tests_TS.CWXTDATE_Scenario.00009: CWXTDATECase9" name="00001: Check for EOM_SW"/>
    <testcase classname="CWXTDATE_Unit_Tests_TS.CWXTDATE_Scenario.00009: CWXTDATECase9" name="00002: Check for YRS_OF_SERVICE"/>
    <testcase classname="CWXTDATE_Unit_Tests_TS.CWXTDATE_Scenario.00009: CWXTDATECase9" name="00003: Check for RUN_YY"/>
    <testcase classname="CWXTDATE_Unit_Tests_TS.CWXTDATE_Scenario.00009: CWXTDATECase9" name="00004: Check for RUN_MM"/>
    <testcase classname="CWXTDATE_Unit_Tests_TS.CWXTDATE_Scenario.00009: CWXTDATECase9" name="00005: Check for RUN_DD"/>
    <testcase classname="CWXTDATE_Unit_Tests_TS.CWXTDATE_Scenario.00009: CWXTDATECase9" name="00006: Check for HIRE_YY"/>
    <testcase classname="CWXTDATE_Unit_Tests_TS.CWXTDATE_Scenario.00009: CWXTDATECase9" name="00007: Check for HIRE_MM"/>
    <testcase classname="CWXTDATE_Unit_Tests_TS.CWXTDATE_Scenario.00009: CWXTDATECase9" name="00008: Check for HIRE_DD"/>
  </testsuite>
  <testsuite errors="0" failures="0" name="CWXTDATE_Unit_Tests_TS.CWXTDATE_Scenario.00010: CWXTDATECase10" tests="8">
    <testcase classname="CWXTDATE_Unit_Tests_TS.CWXTDATE_Scenario.00010: CWXTDATECase10" name="00001: Check for EOM_SW"/>
    <testcase classname="CWXTDATE_Unit_Tests_TS.CWXTDATE_Scenario.00010: CWXTDATECase10" name="00002: Check for YRS_OF_SERVICE"/>
    <testcase classname="CWXTDATE_Unit_Tests_TS.CWXTDATE_Scenario.00010: CWXTDATECase10" name="00003: Check for RUN_YY"/>
    <testcase classname="CWXTDATE_Unit_Tests_TS.CWXTDATE_Scenario.00010: CWXTDATECase10" name="00004: Check for RUN_MM"/>
    <testcase classname="CWXTDATE_Unit_Tests_TS.CWXTDATE_Scenario.00010: CWXTDATECase10" name="00005: Check for RUN_DD"/>
    <testcase classname="CWXTDATE_Unit_Tests_TS.CWXTDATE_Scenario.00010: CWXTDATECase10" name="00006: Check for HIRE_YY"/>
    <testcase classname="CWXTDATE_Unit_Tests_TS.CWXTDATE_Scenario.00010: CWXTDATECase10" name="00007: Check for HIRE_MM"/>
    <testcase classname="CWXTDATE_Unit_Tests_TS.CWXTDATE_Scenario.00010: CWXTDATECase10" name="00008: Check for HIRE_DD"/>
  </testsuite>
  <testsuite errors="0" failures="0" name="CWXTDATE_Unit_Tests_TS.CWXTDATE_Scenario.00011: CWXTDATECase11" tests="8">
    <testcase classname="CWXTDATE_Unit_Tests_TS.CWXTDATE_Scenario.00011: CWXTDATECase11" name="00001: Check for EOM_SW"/>
    <testcase classname="CWXTDATE_Unit_Tests_TS.CWXTDATE_Scenario.00011: CWXTDATECase11" name="00002: Check for YRS_OF_SERVICE"/>
    <testcase classname="CWXTDATE_Unit_Tests_TS.CWXTDATE_Scenario.00011: CWXTDATECase11" name="00003: Check for RUN_YY"/>
    <testcase classname="CWXTDATE_Unit_Tests_TS.CWXTDATE_Scenario.00011: CWXTDATECase11" name="00004: Check for RUN_MM"/>
    <testcase classname="CWXTDATE_Unit_Tests_TS.CWXTDATE_Scenario.00011: CWXTDATECase11" name="00005: Check for RUN_DD"/>
    <testcase classname="CWXTDATE_Unit_Tests_TS.CWXTDATE_Scenario.00011: CWXTDATECase11" name="00006: Check for HIRE_YY"/>
    <testcase classname="CWXTDATE_Unit_Tests_TS.CWXTDATE_Scenario.00011: CWXTDATECase11" name="00007: Check for HIRE_MM"/>
    <testcase classname="CWXTDATE_Unit_Tests_TS.CWXTDATE_Scenario.00011: CWXTDATECase11" name="00008: Check for HIRE_DD"/>
  </testsuite>
  <testsuite errors="0" failures="0" name="CWXTDATE_Unit_Tests_TS.CWXTDATE_Scenario.00012: CWXTDATECase12" tests="8">
    <testcase classname="CWXTDATE_Unit_Tests_TS.CWXTDATE_Scenario.00012: CWXTDATECase12" name="00001: Check for EOM_SW"/>
    <testcase classname="CWXTDATE_Unit_Tests_TS.CWXTDATE_Scenario.00012: CWXTDATECase12" name="00002: Check for YRS_OF_SERVICE"/>
    <testcase classname="CWXTDATE_Unit_Tests_TS.CWXTDATE_Scenario.00012: CWXTDATECase12" name="00003: Check for RUN_YY"/>
    <testcase classname="CWXTDATE_Unit_Tests_TS.CWXTDATE_Scenario.00012: CWXTDATECase12" name="00004: Check for RUN_MM"/>
    <testcase classname="CWXTDATE_Unit_Tests_TS.CWXTDATE_Scenario.00012: CWXTDATECase12" name="00005: Check for RUN_DD"/>
    <testcase classname="CWXTDATE_Unit_Tests_TS.CWXTDATE_Scenario.00012: CWXTDATECase12" name="00006: Check for HIRE_YY"/>
    <testcase classname="CWXTDATE_Unit_Tests_TS.CWXTDATE_Scenario.00012: CWXTDATECase12" name="00007: Check for HIRE_MM"/>
    <testcase classname="CWXTDATE_Unit_Tests_TS.CWXTDATE_Scenario.00012: CWXTDATECase12" name="00008: Check for HIRE_DD"/>
  </testsuite>
  <testsuite errors="0" failures="0" name="CWXTDATE_Unit_Tests_TS.CWXTDATE_Scenario.00013: CWXTDATECase13" tests="8">
    <testcase classname="CWXTDATE_Unit_Tests_TS.CWXTDATE_Scenario.00013: CWXTDATECase13" name="00001: Check for EOM_SW"/>
    <testcase classname="CWXTDATE_Unit_Tests_TS.CWXTDATE_Scenario.00013: CWXTDATECase13" name="00002: Check for YRS_OF_SERVICE"/>
    <testcase classname="CWXTDATE_Unit_Tests_TS.CWXTDATE_Scenario.00013: CWXTDATECase13" name="00003: Check for RUN_YY"/>
    <testcase classname="CWXTDATE_Unit_Tests_TS.CWXTDATE_Scenario.00013: CWXTDATECase13" name="00004: Check for RUN_MM"/>
    <testcase classname="CWXTDATE_Unit_Tests_TS.CWXTDATE_Scenario.00013: CWXTDATECase13" name="00005: Check for RUN_DD"/>
    <testcase classname="CWXTDATE_Unit_Tests_TS.CWXTDATE_Scenario.00013: CWXTDATECase13" name="00006: Check for HIRE_YY"/>
    <testcase classname="CWXTDATE_Unit_Tests_TS.CWXTDATE_Scenario.00013: CWXTDATECase13" name="00007: Check for HIRE_MM"/>
    <testcase classname="CWXTDATE_Unit_Tests_TS.CWXTDATE_Scenario.00013: CWXTDATECase13" name="00008: Check for HIRE_DD"/>
  </testsuite>
  <testsuite errors="0" failures="0" name="CWXTDATE_Unit_Tests_TS.CWXTDATE_Scenario.00014: CWXTDATECase14" tests="8">
    <testcase classname="CWXTDATE_Unit_Tests_TS.CWXTDATE_Scenario.00014: CWXTDATECase14" name="00001: Check for EOM_SW"/>
    <testcase classname="CWXTDATE_Unit_Tests_TS.CWXTDATE_Scenario.00014: CWXTDATECase14" name="00002: Check for YRS_OF_SERVICE"/>
    <testcase classname="CWXTDATE_Unit_Tests_TS.CWXTDATE_Scenario.00014: CWXTDATECase14" name="00003: Check for RUN_YY"/>
    <testcase classname="CWXTDATE_Unit_Tests_TS.CWXTDATE_Scenario.00014: CWXTDATECase14" name="00004: Check for RUN_MM"/>
    <testcase classname="CWXTDATE_Unit_Tests_TS.CWXTDATE_Scenario.00014: CWXTDATECase14" name="00005: Check for RUN_DD"/>
    <testcase classname="CWXTDATE_Unit_Tests_TS.CWXTDATE_Scenario.00014: CWXTDATECase14" name="00006: Check for HIRE_YY"/>
    <testcase classname="CWXTDATE_Unit_Tests_TS.CWXTDATE_Scenario.00014: CWXTDATECase14" name="00007: Check for HIRE_MM"/>
    <testcase classname="CWXTDATE_Unit_Tests_TS.CWXTDATE_Scenario.00014: CWXTDATECase14" name="00008: Check for HIRE_DD"/>
  </testsuite>
  <testsuite errors="0" failures="0" name="CWXTDATE_Unit_Tests_TS.CWXTDATE_Scenario.00015: CWXTDATECase15" tests="8">
    <testcase classname="CWXTDATE_Unit_Tests_TS.CWXTDATE_Scenario.00015: CWXTDATECase15" name="00001: Check for EOM_SW"/>
    <testcase classname="CWXTDATE_Unit_Tests_TS.CWXTDATE_Scenario.00015: CWXTDATECase15" name="00002: Check for YRS_OF_SERVICE"/>
    <testcase classname="CWXTDATE_Unit_Tests_TS.CWXTDATE_Scenario.00015: CWXTDATECase15" name="00003: Check for RUN_YY"/>
    <testcase classname="CWXTDATE_Unit_Tests_TS.CWXTDATE_Scenario.00015: CWXTDATECase15" name="00004: Check for RUN_MM"/>
    <testcase classname="CWXTDATE_Unit_Tests_TS.CWXTDATE_Scenario.00015: CWXTDATECase15" name="00005: Check for RUN_DD"/>
    <testcase classname="CWXTDATE_Unit_Tests_TS.CWXTDATE_Scenario.00015: CWXTDATECase15" name="00006: Check for HIRE_YY"/>
    <testcase classname="CWXTDATE_Unit_Tests_TS.CWXTDATE_Scenario.00015: CWXTDATECase15" name="00007: Check for HIRE_MM"/>
    <testcase classname="CWXTDATE_Unit_Tests_TS.CWXTDATE_Scenario.00015: CWXTDATECase15" name="00008: Check for HIRE_DD"/>
  </testsuite>
  <testsuite errors="0" failures="0" name="CWXTDATE_Unit_Tests_TS.CWXTDATE_Scenario_EOM_Tests2.00016: Jan 10 No EOM" tests="8">
    <testcase classname="CWXTDATE_Unit_Tests_TS.CWXTDATE_Scenario_EOM_Tests2.00016: Jan 10 No EOM" name="00001: Check for EOM_SW"/>
    <testcase classname="CWXTDATE_Unit_Tests_TS.CWXTDATE_Scenario_EOM_Tests2.00016: Jan 10 No EOM" name="00002: Check for YRS_OF_SERVICE"/>
    <testcase classname="CWXTDATE_Unit_Tests_TS.CWXTDATE_Scenario_EOM_Tests2.00016: Jan 10 No EOM" name="00003: Check for RUN_YY"/>
    <testcase classname="CWXTDATE_Unit_Tests_TS.CWXTDATE_Scenario_EOM_Tests2.00016: Jan 10 No EOM" name="00004: Check for RUN_MM"/>
    <testcase classname="CWXTDATE_Unit_Tests_TS.CWXTDATE_Scenario_EOM_Tests2.00016: Jan 10 No EOM" name="00005: Check for RUN_DD"/>
    <testcase classname="CWXTDATE_Unit_Tests_TS.CWXTDATE_Scenario_EOM_Tests2.00016: Jan 10 No EOM" name="00006: Check for HIRE_YY"/>
    <testcase classname="CWXTDATE_Unit_Tests_TS.CWXTDATE_Scenario_EOM_Tests2.00016: Jan 10 No EOM" name="00007: Check for HIRE_MM"/>
    <testcase classname="CWXTDATE_Unit_Tests_TS.CWXTDATE_Scenario_EOM_Tests2.00016: Jan 10 No EOM" name="00008: Check for HIRE_DD"/>
  </testsuite>
  <testsuite errors="0" failures="0" name="CWXTDATE_Unit_Tests_TS.CWXTDATE_Scenario_EOM_Tests2.00017: Jan 30 No EOM" tests="8">
    <testcase classname="CWXTDATE_Unit_Tests_TS.CWXTDATE_Scenario_EOM_Tests2.00017: Jan 30 No EOM" name="00001: Check for EOM_SW"/>
    <testcase classname="CWXTDATE_Unit_Tests_TS.CWXTDATE_Scenario_EOM_Tests2.00017: Jan 30 No EOM" name="00002: Check for YRS_OF_SERVICE"/>
    <testcase classname="CWXTDATE_Unit_Tests_TS.CWXTDATE_Scenario_EOM_Tests2.00017: Jan 30 No EOM" name="00003: Check for RUN_YY"/>
    <testcase classname="CWXTDATE_Unit_Tests_TS.CWXTDATE_Scenario_EOM_Tests2.00017: Jan 30 No EOM" name="00004: Check for RUN_MM"/>
    <testcase classname="CWXTDATE_Unit_Tests_TS.CWXTDATE_Scenario_EOM_Tests2.00017: Jan 30 No EOM" name="00005: Check for RUN_DD"/>
    <testcase classname="CWXTDATE_Unit_Tests_TS.CWXTDATE_Scenario_EOM_Tests2.00017: Jan 30 No EOM" name="00006: Check for HIRE_YY"/>
    <testcase classname="CWXTDATE_Unit_Tests_TS.CWXTDATE_Scenario_EOM_Tests2.00017: Jan 30 No EOM" name="00007: Check for HIRE_MM"/>
    <testcase classname="CWXTDATE_Unit_Tests_TS.CWXTDATE_Scenario_EOM_Tests2.00017: Jan 30 No EOM" name="00008: Check for HIRE_DD"/>
  </testsuite>
  <testsuite errors="0" failures="0" name="CWXTDATE_Unit_Tests_TS.CWXTDATE_Scenario_EOM_Tests2.00018: Jan 31 EOM" tests="8">
    <testcase classname="CWXTDATE_Unit_Tests_TS.CWXTDATE_Scenario_EOM_Tests2.00018: Jan 31 EOM" name="00001: Check for EOM_SW"/>
    <testcase classname="CWXTDATE_Unit_Tests_TS.CWXTDATE_Scenario_EOM_Tests2.00018: Jan 31 EOM" name="00002: Check for YRS_OF_SERVICE"/>
    <testcase classname="CWXTDATE_Unit_Tests_TS.CWXTDATE_Scenario_EOM_Tests2.00018: Jan 31 EOM" name="00003: Check for RUN_YY"/>
    <testcase classname="CWXTDATE_Unit_Tests_TS.CWXTDATE_Scenario_EOM_Tests2.00018: Jan 31 EOM" name="00004: Check for RUN_MM"/>
    <testcase classname="CWXTDATE_Unit_Tests_TS.CWXTDATE_Scenario_EOM_Tests2.00018: Jan 31 EOM" name="00005: Check for RUN_DD"/>
    <testcase classname="CWXTDATE_Unit_Tests_TS.CWXTDATE_Scenario_EOM_Tests2.00018: Jan 31 EOM" name="00006: Check for HIRE_YY"/>
    <testcase classname="CWXTDATE_Unit_Tests_TS.CWXTDATE_Scenario_EOM_Tests2.00018: Jan 31 EOM" name="00007: Check for HIRE_MM"/>
    <testcase classname="CWXTDATE_Unit_Tests_TS.CWXTDATE_Scenario_EOM_Tests2.00018: Jan 31 EOM" name="00008: Check for HIRE_DD"/>
  </testsuite>
  <testsuite errors="0" failures="0" name="CWXTDATE_Unit_Tests_TS.CWXTDATE_Scenario_EOM_Tests2.00019: Feb 10 No LY No EOM" tests="8">
    <testcase classname="CWXTDATE_Unit_Tests_TS.CWXTDATE_Scenario_EOM_Tests2.00019: Feb 10 No LY No EOM" name="00001: Check for EOM_SW"/>
    <testcase classname="CWXTDATE_Unit_Tests_TS.CWXTDATE_Scenario_EOM_Tests2.00019: Feb 10 No LY No EOM" name="00002: Check for YRS_OF_SERVICE"/>
    <testcase classname="CWXTDATE_Unit_Tests_TS.CWXTDATE_Scenario_EOM_Tests2.00019: Feb 10 No LY No EOM" name="00003: Check for RUN_YY"/>
    <testcase classname="CWXTDATE_Unit_Tests_TS.CWXTDATE_Scenario_EOM_Tests2.00019: Feb 10 No LY No EOM" name="00004: Check for RUN_MM"/>
    <testcase classname="CWXTDATE_Unit_Tests_TS.CWXTDATE_Scenario_EOM_Tests2.00019: Feb 10 No LY No EOM" name="00005: Check for RUN_DD"/>
    <testcase classname="CWXTDATE_Unit_Tests_TS.CWXTDATE_Scenario_EOM_Tests2.00019: Feb 10 No LY No EOM" name="00006: Check for HIRE_YY"/>
    <testcase classname="CWXTDATE_Unit_Tests_TS.CWXTDATE_Scenario_EOM_Tests2.00019: Feb 10 No LY No EOM" name="00007: Check for HIRE_MM"/>
    <testcase classname="CWXTDATE_Unit_Tests_TS.CWXTDATE_Scenario_EOM_Tests2.00019: Feb 10 No LY No EOM" name="00008: Check for HIRE_DD"/>
  </testsuite>
  <testsuite errors="0" failures="0" name="CWXTDATE_Unit_Tests_TS.CWXTDATE_Scenario_EOM_Tests2.00020: Feb 27 No LY No EOM" tests="8">
    <testcase classname="CWXTDATE_Unit_Tests_TS.CWXTDATE_Scenario_EOM_Tests2.00020: Feb 27 No LY No EOM" name="00001: Check for EOM_SW"/>
    <testcase classname="CWXTDATE_Unit_Tests_TS.CWXTDATE_Scenario_EOM_Tests2.00020: Feb 27 No LY No EOM" name="00002: Check for YRS_OF_SERVICE"/>
    <testcase classname="CWXTDATE_Unit_Tests_TS.CWXTDATE_Scenario_EOM_Tests2.00020: Feb 27 No LY No EOM" name="00003: Check for RUN_YY"/>
    <testcase classname="CWXTDATE_Unit_Tests_TS.CWXTDATE_Scenario_EOM_Tests2.00020: Feb 27 No LY No EOM" name="00004: Check for RUN_MM"/>
    <testcase classname="CWXTDATE_Unit_Tests_TS.CWXTDATE_Scenario_EOM_Tests2.00020: Feb 27 No LY No EOM" name="00005: Check for RUN_DD"/>
    <testcase classname="CWXTDATE_Unit_Tests_TS.CWXTDATE_Scenario_EOM_Tests2.00020: Feb 27 No LY No EOM" name="00006: Check for HIRE_YY"/>
    <testcase classname="CWXTDATE_Unit_Tests_TS.CWXTDATE_Scenario_EOM_Tests2.00020: Feb 27 No LY No EOM" name="00007: Check for HIRE_MM"/>
    <testcase classname="CWXTDATE_Unit_Tests_TS.CWXTDATE_Scenario_EOM_Tests2.00020: Feb 27 No LY No EOM" name="00008: Check for HIRE_DD"/>
  </testsuite>
  <testsuite errors="0" failures="0" name="CWXTDATE_Unit_Tests_TS.CWXTDATE_Scenario_EOM_Tests2.00021: Feb 28 LY No EOM" tests="8">
    <testcase classname="CWXTDATE_Unit_Tests_TS.CWXTDATE_Scenario_EOM_Tests2.00021: Feb 28 LY No EOM" name="00001: Check for EOM_SW"/>
    <testcase classname="CWXTDATE_Unit_Tests_TS.CWXTDATE_Scenario_EOM_Tests2.00021: Feb 28 LY No EOM" name="00002: Check for YRS_OF_SERVICE"/>
    <testcase classname="CWXTDATE_Unit_Tests_TS.CWXTDATE_Scenario_EOM_Tests2.00021: Feb 28 LY No EOM" name="00003: Check for RUN_YY"/>
    <testcase classname="CWXTDATE_Unit_Tests_TS.CWXTDATE_Scenario_EOM_Tests2.00021: Feb 28 LY No EOM" name="00004: Check for RUN_MM"/>
    <testcase classname="CWXTDATE_Unit_Tests_TS.CWXTDATE_Scenario_EOM_Tests2.00021: Feb 28 LY No EOM" name="00005: Check for RUN_DD"/>
    <testcase classname="CWXTDATE_Unit_Tests_TS.CWXTDATE_Scenario_EOM_Tests2.00021: Feb 28 LY No EOM" name="00006: Check for HIRE_YY"/>
    <testcase classname="CWXTDATE_Unit_Tests_TS.CWXTDATE_Scenario_EOM_Tests2.00021: Feb 28 LY No EOM" name="00007: Check for HIRE_MM"/>
    <testcase classname="CWXTDATE_Unit_Tests_TS.CWXTDATE_Scenario_EOM_Tests2.00021: Feb 28 LY No EOM" name="00008: Check for HIRE_DD"/>
  </testsuite>
  <testsuite errors="0" failures="0" name="CWXTDATE_Unit_Tests_TS.CWXTDATE_Scenario_EOM_Tests2.00022: Feb 29 LY EOM" tests="8">
    <testcase classname="CWXTDATE_Unit_Tests_TS.CWXTDATE_Scenario_EOM_Tests2.00022: Feb 29 LY EOM" name="00001: Check for EOM_SW"/>
    <testcase classname="CWXTDATE_Unit_Tests_TS.CWXTDATE_Scenario_EOM_Tests2.00022: Feb 29 LY EOM" name="00002: Check for YRS_OF_SERVICE"/>
    <testcase classname="CWXTDATE_Unit_Tests_TS.CWXTDATE_Scenario_EOM_Tests2.00022: Feb 29 LY EOM" name="00003: Check for RUN_YY"/>
    <testcase classname="CWXTDATE_Unit_Tests_TS.CWXTDATE_Scenario_EOM_Tests2.00022: Feb 29 LY EOM" name="00004: Check for RUN_MM"/>
    <testcase classname="CWXTDATE_Unit_Tests_TS.CWXTDATE_Scenario_EOM_Tests2.00022: Feb 29 LY EOM" name="00005: Check for RUN_DD"/>
    <testcase classname="CWXTDATE_Unit_Tests_TS.CWXTDATE_Scenario_EOM_Tests2.00022: Feb 29 LY EOM" name="00006: Check for HIRE_YY"/>
    <testcase classname="CWXTDATE_Unit_Tests_TS.CWXTDATE_Scenario_EOM_Tests2.00022: Feb 29 LY EOM" name="00007: Check for HIRE_MM"/>
    <testcase classname="CWXTDATE_Unit_Tests_TS.CWXTDATE_Scenario_EOM_Tests2.00022: Feb 29 LY EOM" name="00008: Check for HIRE_DD"/>
  </testsuite>
  <testsuite errors="0" failures="0" name="CWXTDATE_Unit_Tests_TS.CWXTDATE_Scenario_EOM_Tests2.00023: Apr 10 No EOM" tests="8">
    <testcase classname="CWXTDATE_Unit_Tests_TS.CWXTDATE_Scenario_EOM_Tests2.00023: Apr 10 No EOM" name="00001: Check for EOM_SW"/>
    <testcase classname="CWXTDATE_Unit_Tests_TS.CWXTDATE_Scenario_EOM_Tests2.00023: Apr 10 No EOM" name="00002: Check for YRS_OF_SERVICE"/>
    <testcase classname="CWXTDATE_Unit_Tests_TS.CWXTDATE_Scenario_EOM_Tests2.00023: Apr 10 No EOM" name="00003: Check for RUN_YY"/>
    <testcase classname="CWXTDATE_Unit_Tests_TS.CWXTDATE_Scenario_EOM_Tests2.00023: Apr 10 No EOM" name="00004: Check for RUN_MM"/>
    <testcase classname="CWXTDATE_Unit_Tests_TS.CWXTDATE_Scenario_EOM_Tests2.00023: Apr 10 No EOM" name="00005: Check for RUN_DD"/>
    <testcase classname="CWXTDATE_Unit_Tests_TS.CWXTDATE_Scenario_EOM_Tests2.00023: Apr 10 No EOM" name="00006: Check for HIRE_YY"/>
    <testcase classname="CWXTDATE_Unit_Tests_TS.CWXTDATE_Scenario_EOM_Tests2.00023: Apr 10 No EOM" name="00007: Check for HIRE_MM"/>
    <testcase classname="CWXTDATE_Unit_Tests_TS.CWXTDATE_Scenario_EOM_Tests2.00023: Apr 10 No EOM" name="00008: Check for HIRE_DD"/>
  </testsuite>
  <testsuite errors="0" failures="0" name="CWXTDATE_Unit_Tests_TS.CWXTDATE_Scenario_EOM_Tests2.00024: Apr 29 No EOM" tests="8">
    <testcase classname="CWXTDATE_Unit_Tests_TS.CWXTDATE_Scenario_EOM_Tests2.00024: Apr 29 No EOM" name="00001: Check for EOM_SW"/>
    <testcase classname="CWXTDATE_Unit_Tests_TS.CWXTDATE_Scenario_EOM_Tests2.00024: Apr 29 No EOM" name="00002: Check for YRS_OF_SERVICE"/>
    <testcase classname="CWXTDATE_Unit_Tests_TS.CWXTDATE_Scenario_EOM_Tests2.00024: Apr 29 No EOM" name="00003: Check for RUN_YY"/>
    <testcase classname="CWXTDATE_Unit_Tests_TS.CWXTDATE_Scenario_EOM_Tests2.00024: Apr 29 No EOM" name="00004: Check for RUN_MM"/>
    <testcase classname="CWXTDATE_Unit_Tests_TS.CWXTDATE_Scenario_EOM_Tests2.00024: Apr 29 No EOM" name="00005: Check for RUN_DD"/>
    <testcase classname="CWXTDATE_Unit_Tests_TS.CWXTDATE_Scenario_EOM_Tests2.00024: Apr 29 No EOM" name="00006: Check for HIRE_YY"/>
    <testcase classname="CWXTDATE_Unit_Tests_TS.CWXTDATE_Scenario_EOM_Tests2.00024: Apr 29 No EOM" name="00007: Check for HIRE_MM"/>
    <testcase classname="CWXTDATE_Unit_Tests_TS.CWXTDATE_Scenario_EOM_Tests2.00024: Apr 29 No EOM" name="00008: Check for HIRE_DD"/>
  </testsuite>
  <testsuite errors="0" failures="0" name="CWXTDATE_Unit_Tests_TS.CWXTDATE_Scenario_EOM_Tests2.00025: Apr 30 EOM" tests="8">
    <testcase classname="CWXTDATE_Unit_Tests_TS.CWXTDATE_Scenario_EOM_Tests2.00025: Apr 30 EOM" name="00001: Check for EOM_SW"/>
    <testcase classname="CWXTDATE_Unit_Tests_TS.CWXTDATE_Scenario_EOM_Tests2.00025: Apr 30 EOM" name="00002: Check for YRS_OF_SERVICE"/>
    <testcase classname="CWXTDATE_Unit_Tests_TS.CWXTDATE_Scenario_EOM_Tests2.00025: Apr 30 EOM" name="00003: Check for RUN_YY"/>
    <testcase classname="CWXTDATE_Unit_Tests_TS.CWXTDATE_Scenario_EOM_Tests2.00025: Apr 30 EOM" name="00004: Check for RUN_MM"/>
    <testcase classname="CWXTDATE_Unit_Tests_TS.CWXTDATE_Scenario_EOM_Tests2.00025: Apr 30 EOM" name="00005: Check for RUN_DD"/>
    <testcase classname="CWXTDATE_Unit_Tests_TS.CWXTDATE_Scenario_EOM_Tests2.00025: Apr 30 EOM" name="00006: Check for HIRE_YY"/>
    <testcase classname="CWXTDATE_Unit_Tests_TS.CWXTDATE_Scenario_EOM_Tests2.00025: Apr 30 EOM" name="00007: Check for HIRE_MM"/>
    <testcase classname="CWXTDATE_Unit_Tests_TS.CWXTDATE_Scenario_EOM_Tests2.00025: Apr 30 EOM" name="00008: Check for HIRE_DD"/>
  </testsuite>
</testsuites>